Arguments: 
  /usr/local/bin/node /usr/share/yarn/bin/yarn.js add

PATH: 
  /home/raimundo/.sdkman/candidates/gradle/current/bin:/home/raimundo/.rvm/gems/ruby-2.6.3/bin:/home/raimundo/.rvm/gems/ruby-2.6.3@global/bin:/home/raimundo/.rvm/rubies/ruby-2.6.3/bin:/home/raimundo/.local/bin:/usr/local/sbin:/usr/local/bin:/usr/sbin:/usr/bin:/sbin:/bin:/usr/games:/usr/local/games:/snap/bin:/home/raimundo/.dotnet/tools:/home/raimundo/.rvm/bin:/home/raimundo/.rvm/bin:/home/raimundo/.rvm/bin:/home/raimundo/.rvm/bin:/home/raimundo/.rvm/bin:/home/raimundo/.rvm/bin:/home/raimundo/.rvm/bin:/home/raimundo/.rvm/bin

Yarn version: 
  1.17.3

Node version: 
  10.15.3

Platform: 
  linux x64

Trace: 
  SyntaxError: /home/raimundo/bootcamp_onebitcode/chat/package.json: Unexpected end of JSON input
      at JSON.parse (<anonymous>)
      at /usr/share/yarn/lib/cli.js:1625:59
      at Generator.next (<anonymous>)
      at step (/usr/share/yarn/lib/cli.js:304:30)
      at /usr/share/yarn/lib/cli.js:315:13

npm manifest: 
  

yarn manifest: 
  No manifest

Lockfile: 
  No lockfile
